# JRE version: OpenJDK Runtime Environment (25.0+36) (build 25+36-3489)
# Java VM: OpenJDK 64-Bit Server VM (25+36-3489, mixed mode, emulated-client, sharing, tiered, compressed oops, compressed class ptrs, g1 gc, windows-amd64)
GC Precious Log:
 CardTable entry size: 512
 Card Set container configuration: InlinePtr #cards 4 size 8 Array Of Cards #cards 32 size 80 Howl #buckets 8 coarsen threshold 7372 Howl Bitmap #cards 1024 size 144 coarsen threshold 921 Card regions per heap region 1 cards per card region 8192
 CPUs: 12 total, 12 available
 Memory: 32694M
 Large Page Support: Disabled
 NUMA Support: Disabled
 Compressed Oops: Enabled (Zero based)
 Heap Region Size: 4M
 Heap Min Capacity: 8M
 Heap Initial Capacity: 512M
 Heap Max Capacity: 8176M
 Pre-touch: Disabled
 Parallel Workers: 10
 Concurrent Workers: 3
 Concurrent Refinement Workers: 10
 Periodic GC: Disabled
Heap:
 garbage-first heap   total reserved 8372224K, committed 323584K, used 97146K [0x0000000601000000, 0x0000000800000000)
  region size 4096K, 16 young (65536K), 1 survivors (4096K)
GC Heap Usage History (20 events):
Event: 1787.744 {heap Before GC invocations=728 (full 0):
 garbage-first heap   total reserved 8372224K, committed 323584K, used 226196K [0x0000000601000000, 0x0000000800000000)
  region size 4096K, 47 young (192512K), 1 survivors (4096K)
}
Event: 1787.745 {heap After GC invocations=729 (full 0):
 garbage-first heap   total reserved 8372224K, committed 323584K, used 37905K [0x0000000601000000, 0x0000000800000000)
  region size 4096K, 1 young (4096K), 1 survivors (4096K)
}
Event: 1787.963 {heap Before GC invocations=729 (full 0):
 garbage-first heap   total reserved 8372224K, committed 323584K, used 226321K [0x0000000601000000, 0x0000000800000000)
  region size 4096K, 47 young (192512K), 1 survivors (4096K)
}
Event: 1787.964 {heap After GC invocations=730 (full 0):
 garbage-first heap   total reserved 8372224K, committed 323584K, used 37774K [0x0000000601000000, 0x0000000800000000)
  region size 4096K, 1 young (4096K), 1 survivors (4096K)
}
Event: 1788.209 {heap Before GC invocations=730 (full 0):
 garbage-first heap   total reserved 8372224K, committed 323584K, used 226190K [0x0000000601000000, 0x0000000800000000)
  region size 4096K, 47 young (192512K), 1 survivors (4096K)
}
Event: 1788.210 {heap After GC invocations=731 (full 0):
 garbage-first heap   total reserved 8372224K, committed 323584K, used 37952K [0x0000000601000000, 0x0000000800000000)
  region size 4096K, 1 young (4096K), 1 survivors (4096K)
}
Event: 1788.423 {heap Before GC invocations=731 (full 0):
 garbage-first heap   total reserved 8372224K, committed 323584K, used 226368K [0x0000000601000000, 0x0000000800000000)
  region size 4096K, 47 young (192512K), 1 survivors (4096K)
}
Event: 1788.424 {heap After GC invocations=732 (full 0):
 garbage-first heap   total reserved 8372224K, committed 323584K, used 37988K [0x0000000601000000, 0x0000000800000000)
  region size 4096K, 1 young (4096K), 1 survivors (4096K)
}
Event: 1788.699 {heap Before GC invocations=732 (full 0):
 garbage-first heap   total reserved 8372224K, committed 323584K, used 226404K [0x0000000601000000, 0x0000000800000000)
  region size 4096K, 47 young (192512K), 1 survivors (4096K)
}
Event: 1788.701 {heap After GC invocations=733 (full 0):
 garbage-first heap   total reserved 8372224K, committed 323584K, used 38123K [0x0000000601000000, 0x0000000800000000)
  region size 4096K, 1 young (4096K), 1 survivors (4096K)
}
Event: 1788.975 {heap Before GC invocations=733 (full 0):
 garbage-first heap   total reserved 8372224K, committed 323584K, used 226539K [0x0000000601000000, 0x0000000800000000)
  region size 4096K, 47 young (192512K), 1 survivors (4096K)
}
Event: 1788.976 {heap After GC invocations=734 (full 0):
 garbage-first heap   total reserved 8372224K, committed 323584K, used 38184K [0x0000000601000000, 0x0000000800000000)
  region size 4096K, 1 young (4096K), 1 survivors (4096K)
}
Event: 1789.212 {heap Before GC invocations=734 (full 0):
 garbage-first heap   total reserved 8372224K, committed 323584K, used 226600K [0x0000000601000000, 0x0000000800000000)
  region size 4096K, 47 young (192512K), 1 survivors (4096K)
}
Event: 1789.213 {heap After GC invocations=735 (full 0):
 garbage-first heap   total reserved 8372224K, committed 323584K, used 38099K [0x0000000601000000, 0x0000000800000000)
  region size 4096K, 1 young (4096K), 1 survivors (4096K)
}
Event: 1789.472 {heap Before GC invocations=735 (full 0):
 garbage-first heap   total reserved 8372224K, committed 323584K, used 226515K [0x0000000601000000, 0x0000000800000000)
  region size 4096K, 47 young (192512K), 1 survivors (4096K)
}
Event: 1789.473 {heap After GC invocations=736 (full 0):
 garbage-first heap   total reserved 8372224K, committed 323584K, used 38151K [0x0000000601000000, 0x0000000800000000)
  region size 4096K, 1 young (4096K), 1 survivors (4096K)
}
Event: 1789.734 {heap Before GC invocations=736 (full 0):
 garbage-first heap   total reserved 8372224K, committed 323584K, used 226567K [0x0000000601000000, 0x0000000800000000)
  region size 4096K, 47 young (192512K), 1 survivors (4096K)
}
Event: 1789.735 {heap After GC invocations=737 (full 0):
 garbage-first heap   total reserved 8372224K, committed 323584K, used 38247K [0x0000000601000000, 0x0000000800000000)
  region size 4096K, 1 young (4096K), 1 survivors (4096K)
}
Event: 1789.991 {heap Before GC invocations=737 (full 0):
 garbage-first heap   total reserved 8372224K, committed 323584K, used 226663K [0x0000000601000000, 0x0000000800000000)
  region size 4096K, 47 young (192512K), 1 survivors (4096K)
}
Event: 1789.992 {heap After GC invocations=738 (full 0):
 garbage-first heap   total reserved 8372224K, committed 323584K, used 39476K [0x0000000601000000, 0x0000000800000000)
  region size 4096K, 1 young (4096K), 1 survivors (4096K)
}

